0 info it worked if it ends with ok
1 verbose cli [ '/usr/local/bin/node', '/usr/local/bin/npm', 'rm', 'ect' ]
2 info using npm@1.4.21
3 info using node@v0.10.30
4 verbose node_modules/ect unbuild
5 info preuninstall ect@0.5.9
6 info uninstall ect@0.5.9
7 verbose true,/Users/saulecabrera/Developer/secure-mail-server/node_modules,/Users/saulecabrera/Developer/secure-mail-server/node_modules unbuild ect@0.5.9
8 verbose /Users/saulecabrera/Developer/secure-mail-server/node_modules/.bin,[object Object] binRoot
9 error Error: EACCES, unlink '/Users/saulecabrera/Developer/secure-mail-server/node_modules/.bin/ect'
9 error  { [Error: EACCES, unlink '/Users/saulecabrera/Developer/secure-mail-server/node_modules/.bin/ect']
9 error   errno: 3,
9 error   code: 'EACCES',
9 error   path: '/Users/saulecabrera/Developer/secure-mail-server/node_modules/.bin/ect' }
10 error Please try running this command again as root/Administrator.
11 error System Darwin 13.3.0
12 error command "/usr/local/bin/node" "/usr/local/bin/npm" "rm" "ect"
13 error cwd /Users/saulecabrera/Developer/secure-mail-server/bin
14 error node -v v0.10.30
15 error npm -v 1.4.21
16 error path /Users/saulecabrera/Developer/secure-mail-server/node_modules/.bin/ect
17 error code EACCES
18 error errno 3
19 error stack Error: EACCES, unlink '/Users/saulecabrera/Developer/secure-mail-server/node_modules/.bin/ect'
20 verbose exit [ 3, true ]
